[10:03:31] [main/INFO] (FabricLoader/GameProvider) Loading Minecraft 1.19.2 with Fabric Loader 0.16.5
[10:03:31] [main/INFO] (FabricLoader) Loading 51 mods:
	- csp 0.1
	- fabric-api 0.77.0+1.19.2
	- fabric-api-base 0.4.15+8f4e8eb390
	- fabric-api-lookup-api-v1 1.6.14+93d8cb8290
	- fabric-biome-api-v1 9.1.1+16f1e31390
	- fabric-block-api-v1 1.0.2+e415d50e90
	- fabric-blockrenderlayer-v1 1.1.25+cafc6e8e90
	- fabric-client-tags-api-v1 1.0.5+b35fea8390
	- fabric-command-api-v2 2.2.1+413cbbc790
	- fabric-content-registries-v0 3.5.2+7c6cd14d90
	- fabric-convention-tags-v1 1.3.0+4bc6e26290
	- fabric-crash-report-info-v1 0.2.8+aeb40ebe90
	- fabric-data-generation-api-v1 5.3.9+413cbbc790
	- fabric-dimensions-v1 2.1.35+0d0f210290
	- fabric-entity-events-v1 1.5.4+9244241690
	- fabric-events-interaction-v0 0.4.34+562bff6e90
	- fabric-game-rule-api-v1 1.0.24+b6b6abb490
	- fabric-gametest-api-v1 1.1.8+4d0d570390
	- fabric-item-api-v1 1.6.6+b7d1888890
	- fabric-item-groups-v0 0.3.39+9244241690
	- fabric-key-binding-api-v1 1.0.25+5c4fce2890
	- fabric-lifecycle-events-v1 2.2.4+1b46dc7890
	- fabric-loot-api-v2 1.1.13+83a8659290
	- fabric-message-api-v1 5.0.7+93d8cb8290
	- fabric-mining-level-api-v1 2.1.24+33fbc73890
	- fabric-models-v0 0.3.21+c6af733c90
	- fabric-networking-api-v1 1.2.12+def3f86d90
	- fabric-object-builder-api-v1 4.2.2+d8ef690890
	- fabric-particles-v1 1.1.0+ee641e7390
	- fabric-recipe-api-v1 1.0.2+413cbbc790
	- fabric-registry-sync-v0 0.9.33+9244241690
	- fabric-renderer-api-v1 1.2.1+1adbf27790
	- fabric-renderer-indigo 0.8.0+1adbf27790
	- fabric-rendering-data-attachment-v1 0.3.19+6e0787e690
	- fabric-rendering-fluids-v1 3.0.11+4d0d570390
	- fabric-rendering-v1 1.13.0+526f2c6790
	- fabric-resource-conditions-api-v1 2.1.2+aae9039d90
	- fabric-resource-loader-v0 0.8.4+edbdcddb90
	- fabric-screen-api-v1 1.0.32+4d0d570390
	- fabric-screen-handler-api-v1 1.3.8+1cc24b1b90
	- fabric-sound-api-v1 1.0.2+c4f28df590
	- fabric-textures-v0 1.0.24+aeb40ebe90
	- fabric-transfer-api-v1 2.1.6+413cbbc790
	- fabric-transitive-access-wideners-v1 1.3.3+08b73de490
	- fabricloader 0.16.5
	- fiber 0.23.0-2
	- java 17
	- minecraft 1.19.2
	- mixinextras 0.4.1
	- modmenu 4.1.2
	- patchouli 1.19.2-77-FABRIC
[10:03:34] [main/INFO] (FabricLoader/Mixin) SpongePowered MIXIN Subsystem Version=0.8.7 Source=file:/home/gummy/.gradle/caches/modules-2/files-2.1/net.fabricmc/sponge-mixin/0.15.3+mixin.0.8.7/51ee0a44ab05f6fddd66b09e66b3a16904f9c55d/sponge-mixin-0.15.3+mixin.0.8.7.jar Service=Knot/Fabric Env=CLIENT
[10:03:34] [main/INFO] (FabricLoader/Mixin) Loaded Fabric development mappings for mixin remapper!
[10:03:34] [main/INFO] (FabricLoader/Mixin) Compatibility level set to JAVA_17
[10:03:35] [main/INFO] (FabricLoader/MixinExtras|Service) Initializing MixinExtras via com.llamalad7.mixinextras.service.MixinExtrasServiceImpl(version=0.4.1).
[10:03:38] [main/INFO] (Minecraft) Building optimized datafixer
[10:03:41] [Render thread/INFO] (Minecraft) Environment: authHost='https://authserver.mojang.com', accountsHost='https://api.mojang.com', sessionHost='https://sessionserver.mojang.com', servicesHost='https://api.minecraftservices.com', name='PROD'
[10:03:43] [Render thread/ERROR] (Minecraft) Failed to verify authentication
com.mojang.authlib.exceptions.InvalidCredentialsException: Status: 401
	at com.mojang.authlib.exceptions.MinecraftClientHttpException.toAuthenticationException(MinecraftClientHttpException.java:56) ~[authlib-3.11.49.jar:?]
	at com.mojang.authlib.yggdrasil.YggdrasilUserApiService.fetchProperties(YggdrasilUserApiService.java:155) ~[authlib-3.11.49.jar:?]
	at com.mojang.authlib.yggdrasil.YggdrasilUserApiService.<init>(YggdrasilUserApiService.java:55) ~[authlib-3.11.49.jar:?]
	at com.mojang.authlib.yggdrasil.YggdrasilAuthenticationService.createUserApiService(YggdrasilAuthenticationService.java:161) ~[authlib-3.11.49.jar:?]
	at net.minecraft.client.MinecraftClient.createUserApiService(MinecraftClient.java:711) [minecraft-clientOnly-2c60f55561-1.19.2-net.fabricmc.yarn.1_19_2.1.19.2+build.28-v2.jar:?]
	at net.minecraft.client.MinecraftClient.<init>(MinecraftClient.java:431) [minecraft-clientOnly-2c60f55561-1.19.2-net.fabricmc.yarn.1_19_2.1.19.2+build.28-v2.jar:?]
	at net.minecraft.client.main.Main.main(Main.java:205) [minecraft-clientOnly-2c60f55561-1.19.2-net.fabricmc.yarn.1_19_2.1.19.2+build.28-v2.jar:?]
	at net.minecraft.client.main.Main.main(Main.java:51) [minecraft-clientOnly-2c60f55561-1.19.2-net.fabricmc.yarn.1_19_2.1.19.2+build.28-v2.jar:?]
	at net.fabricmc.loader.impl.game.minecraft.MinecraftGameProvider.launch(MinecraftGameProvider.java:480) [fabric-loader-0.16.5.jar:?]
	at net.fabricmc.loader.impl.launch.knot.Knot.launch(Knot.java:74) [fabric-loader-0.16.5.jar:?]
	at net.fabricmc.loader.impl.launch.knot.KnotClient.main(KnotClient.java:23) [fabric-loader-0.16.5.jar:?]
	at net.fabricmc.devlaunchinjector.Main.main(Main.java:86) [dev-launch-injector-0.2.1+build.8.jar:?]
Caused by: com.mojang.authlib.exceptions.MinecraftClientHttpException: Status: 401
	at com.mojang.authlib.minecraft.client.MinecraftClient.readInputStream(MinecraftClient.java:85) ~[authlib-3.11.49.jar:?]
	at com.mojang.authlib.minecraft.client.MinecraftClient.get(MinecraftClient.java:48) ~[authlib-3.11.49.jar:?]
	at com.mojang.authlib.yggdrasil.YggdrasilUserApiService.fetchProperties(YggdrasilUserApiService.java:129) ~[authlib-3.11.49.jar:?]
	... 10 more
[10:03:43] [Render thread/INFO] (Minecraft) Setting user: Player791
[10:03:44] [Render thread/INFO] (Indigo) [Indigo] Registering Indigo renderer!
[10:03:45] [Render thread/INFO] (Minecraft) Backend library: LWJGL version 3.3.1 SNAPSHOT
[10:03:48] [Worker-Main-12/ERROR] (Minecraft) Failed to retrieve profile key pair
java.io.IOException: Could not retrieve profile key pair
	at net.minecraft.client.util.ProfileKeys.fetchKeyPair(ProfileKeys.java:130) ~[minecraft-clientOnly-2c60f55561-1.19.2-net.fabricmc.yarn.1_19_2.1.19.2+build.28-v2.jar:?]
	at net.minecraft.client.util.ProfileKeys.method_44291(ProfileKeys.java:69) ~[minecraft-clientOnly-2c60f55561-1.19.2-net.fabricmc.yarn.1_19_2.1.19.2+build.28-v2.jar:?]
	at java.util.concurrent.CompletableFuture$AsyncSupply.run$$$capture(CompletableFuture.java:1768) [?:?]
	at java.util.concurrent.CompletableFuture$AsyncSupply.run(CompletableFuture.java) [?:?]
	at java.util.concurrent.CompletableFuture$AsyncSupply.exec(CompletableFuture.java:1760) [?:?]
	at java.util.concurrent.ForkJoinTask.doExec$$$capture(ForkJoinTask.java:373) [?:?]
	at java.util.concurrent.ForkJoinTask.doExec(ForkJoinTask.java) [?:?]
	at java.util.concurrent.ForkJoinPool$WorkQueue.topLevelExec(ForkJoinPool.java:1182) [?:?]
	at java.util.concurrent.ForkJoinPool.scan(ForkJoinPool.java:1655) [?:?]
	at java.util.concurrent.ForkJoinPool.runWorker(ForkJoinPool.java:1622) [?:?]
	at java.util.concurrent.ForkJoinWorkerThread.run(ForkJoinWorkerThread.java:165) [?:?]
[10:03:48] [Render thread/INFO] (Minecraft) Reloading ResourceManager: Default, Fabric Mods (Fabric Loader, Fabric Loot API (v2), Fabric Block API (v1), Fabric BlockRenderLayer Registration (v1), Fabric Object Builder API (v1), Fabric Recipe API (v1), Fabric Rendering Data Attachment (v1), Patchouli, Fabric API Base, Creeper Space Program, Fabric Screen API (v1), Fabric Rendering (v1), Fabric Events Interaction (v0), Fabric Renderer API (v1), Fabric Renderer - Indigo, Fabric Entity Events (v1), Fabric Command API (v2), Fabric Rendering Fluids (v1), Fabric Client Tags, Fabric Convention Tags, Fabric API Lookup API (v1), Fabric Crash Report Info (v1), Fabric API, Fabric Mining Level API (v1), Fabric Lifecycle Events (v1), Fabric Message API (v1), Fabric Dimensions API (v1), Fabric Item Groups (v0), Fabric Key Binding API (v1), Fabric Networking API (v1), Fabric Transitive Access Wideners (v1), Fabric Registry Sync (v0), Mod Menu, Fabric Item API (v1), Fabric Resource Conditions API (v1), Fabric Data Generation API (v1), Fabric Particles (v1), Fabric Biome API (v1), Fabric Sound API (v1), Fabric Screen Handler API (v1), Fabric Models (v0), Fabric Transfer API (v1), Fabric Textures (v0), Fabric Game Rule API (v1), Fabric Content Registries (v0), Fabric Game Test API (v1), Fabric Resource Loader (v0))
[10:03:49] [Worker-Main-21/ERROR] (Minecraft) Using missing texture, file csp:textures/particle/smoke.png not found
[10:03:50] [Realms Notification Availability checker #1/INFO] (Minecraft) Could not authorize you against Realms server: Invalid session id
[10:03:52] [Worker-Main-18/WARN] (Minecraft) Unable to resolve texture reference: #bottom in csp:item/wooden_nose_cone
[10:03:52] [Worker-Main-18/WARN] (Minecraft) Unable to resolve texture reference: #top in csp:item/wooden_nose_cone
[10:03:52] [Worker-Main-18/WARN] (Minecraft) Unable to resolve texture reference: #side in csp:item/wooden_nose_cone
[10:03:52] [Worker-Main-18/WARN] (Minecraft) Unable to resolve texture reference: #bottom in csp:block/wooden_nose_cone
[10:03:52] [Worker-Main-18/WARN] (Minecraft) Unable to resolve texture reference: #top in csp:block/wooden_nose_cone
[10:03:52] [Worker-Main-18/WARN] (Minecraft) Unable to resolve texture reference: #side in csp:block/wooden_nose_cone
[10:03:52] [Worker-Main-18/WARN] (Minecraft) Unable to resolve texture reference: #bottom in csp:item/wooden_exhaust
[10:03:52] [Worker-Main-18/WARN] (Minecraft) Unable to resolve texture reference: #top in csp:item/wooden_exhaust
[10:03:52] [Worker-Main-18/WARN] (Minecraft) Unable to resolve texture reference: #side in csp:item/wooden_exhaust
[10:03:52] [Worker-Main-18/WARN] (Minecraft) Unable to resolve texture reference: #bottom in csp:block/wooden_exhaust
[10:03:52] [Worker-Main-18/WARN] (Minecraft) Unable to resolve texture reference: #top in csp:block/wooden_exhaust
[10:03:52] [Worker-Main-18/WARN] (Minecraft) Unable to resolve texture reference: #side in csp:block/wooden_exhaust
[10:03:52] [Worker-Main-18/WARN] (Minecraft) Unable to resolve texture reference: #bottom in csp:block/wooden_body_segment
[10:03:52] [Worker-Main-18/WARN] (Minecraft) Unable to resolve texture reference: #top in csp:block/wooden_body_segment
[10:03:52] [Worker-Main-18/WARN] (Minecraft) Unable to resolve texture reference: #side in csp:block/wooden_body_segment
[10:03:52] [Worker-Main-18/WARN] (Minecraft) Unable to resolve texture reference: #bottom in csp:item/wooden_body_segment
[10:03:52] [Worker-Main-18/WARN] (Minecraft) Unable to resolve texture reference: #top in csp:item/wooden_body_segment
[10:03:52] [Worker-Main-18/WARN] (Minecraft) Unable to resolve texture reference: #side in csp:item/wooden_body_segment
[10:03:52] [Worker-Main-15/ERROR] (Minecraft) Using missing texture, file csp:textures/item/assembler.png not found
[10:03:52] [Worker-Main-12/ERROR] (Minecraft) Using missing texture, file csp:textures/item/rocket.png not found
[10:03:52] [Worker-Main-15/ERROR] (Minecraft) Using missing texture, file csp:textures/item/launchkit.png not found
[10:03:52] [Worker-Main-20/ERROR] (Minecraft) Using missing texture, file csp:textures/item/fuse.png not found
[10:03:52] [Worker-Main-18/WARN] (Minecraft) Texture csp:item/adrian with size 348x348 limits mip level from 4 to 2
[10:03:52] [Worker-Main-18/WARN] (Minecraft) minecraft:textures/atlas/blocks.png: dropping miplevel from 4 to 2, because of minimum power of two: 4
[10:03:52] [Render thread/WARN] (Minecraft) Missing sound for event: minecraft:item.goat_horn.play
[10:03:52] [Render thread/WARN] (Minecraft) Missing sound for event: minecraft:entity.goat.screaming.horn_break
[10:03:52] [Render thread/INFO] (Minecraft) OpenAL initialized on device Arctis Nova Pro Wireless Analog Stereo
[10:03:52] [Render thread/INFO] (Minecraft) Sound engine started
[10:03:53] [Render thread/INFO] (Minecraft) Created: 1024x1024x2 minecraft:textures/atlas/blocks.png-atlas
[10:03:53] [Render thread/INFO] (Minecraft) Created: 256x128x4 minecraft:textures/atlas/signs.png-atlas
[10:03:53] [Render thread/INFO] (Minecraft) Created: 1024x512x4 minecraft:textures/atlas/banner_patterns.png-atlas
[10:03:53] [Render thread/INFO] (Minecraft) Created: 1024x512x4 minecraft:textures/atlas/shield_patterns.png-atlas
[10:03:53] [Render thread/INFO] (Minecraft) Created: 256x256x4 minecraft:textures/atlas/chest.png-atlas
[10:03:53] [Render thread/INFO] (Minecraft) Created: 512x256x4 minecraft:textures/atlas/beds.png-atlas
[10:03:53] [Render thread/INFO] (Minecraft) Created: 512x256x4 minecraft:textures/atlas/shulker_boxes.png-atlas
[10:03:55] [Render thread/WARN] (Minecraft) Shader rendertype_entity_translucent_emissive could not find sampler named Sampler2 in the specified shader program.
[10:03:55] [Render thread/INFO] (Minecraft) Created: 512x256x0 minecraft:textures/atlas/particles.png-atlas
[10:03:55] [Render thread/INFO] (Minecraft) Created: 256x256x0 minecraft:textures/atlas/paintings.png-atlas
[10:03:55] [Render thread/INFO] (Minecraft) Created: 256x128x0 minecraft:textures/atlas/mob_effects.png-atlas
[10:03:55] [Render thread/INFO] (patchouli) BookContentResourceListenerLoader preloaded 2 jsons
[10:03:55] [Render thread/INFO] (patchouli) Not reloading resource pack-based books as client world is missing
[10:04:03] [Render thread/INFO] (Minecraft) Loaded 7 recipes
[10:04:03] [Render thread/ERROR] (Minecraft) Parsing error loading custom advancement csp:rocketlaunch: Invalid criterion trigger: csp:launched_rocket
[10:04:03] [Render thread/INFO] (Minecraft) Loaded 1180 advancements
[10:04:05] [Worker-Main-14/ERROR] (Minecraft) Failed to retrieve profile key pair
java.io.IOException: Could not retrieve profile key pair
	at net.minecraft.client.util.ProfileKeys.fetchKeyPair(ProfileKeys.java:130) ~[minecraft-clientOnly-2c60f55561-1.19.2-net.fabricmc.yarn.1_19_2.1.19.2+build.28-v2.jar:?]
	at net.minecraft.client.util.ProfileKeys.method_44291(ProfileKeys.java:69) ~[minecraft-clientOnly-2c60f55561-1.19.2-net.fabricmc.yarn.1_19_2.1.19.2+build.28-v2.jar:?]
	at java.util.concurrent.CompletableFuture$AsyncSupply.run$$$capture(CompletableFuture.java:1768) [?:?]
	at java.util.concurrent.CompletableFuture$AsyncSupply.run(CompletableFuture.java) [?:?]
	at java.util.concurrent.CompletableFuture$AsyncSupply.exec(CompletableFuture.java:1760) [?:?]
	at java.util.concurrent.ForkJoinTask.doExec$$$capture(ForkJoinTask.java:373) [?:?]
	at java.util.concurrent.ForkJoinTask.doExec(ForkJoinTask.java) [?:?]
	at java.util.concurrent.ForkJoinPool$WorkQueue.topLevelExec(ForkJoinPool.java:1182) [?:?]
	at java.util.concurrent.ForkJoinPool.scan(ForkJoinPool.java:1655) [?:?]
	at java.util.concurrent.ForkJoinPool.runWorker(ForkJoinPool.java:1622) [?:?]
	at java.util.concurrent.ForkJoinWorkerThread.run(ForkJoinWorkerThread.java:165) [?:?]
[10:04:05] [Render thread/INFO] (BiomeModificationImpl) Applied 0 biome modifications to 0 of 63 new biomes in 4.610 ms
[10:04:05] [Server thread/INFO] (Minecraft) Starting integrated minecraft server version 1.19.2
[10:04:05] [Server thread/INFO] (Minecraft) Generating keypair
[10:04:06] [Server thread/INFO] (Minecraft) Preparing start region for dimension minecraft:overworld
[10:04:12] [Render thread/INFO] (Minecraft) Preparing spawn area: 0%
[10:04:12] [Render thread/INFO] (Minecraft) Preparing spawn area: 0%
[10:04:12] [Render thread/INFO] (Minecraft) Preparing spawn area: 0%
[10:04:12] [Render thread/INFO] (Minecraft) Preparing spawn area: 0%
[10:04:12] [Render thread/INFO] (Minecraft) Preparing spawn area: 0%
[10:04:12] [Render thread/INFO] (Minecraft) Preparing spawn area: 0%
[10:04:12] [Render thread/INFO] (Minecraft) Preparing spawn area: 0%
[10:04:12] [Render thread/INFO] (Minecraft) Preparing spawn area: 0%
[10:04:12] [Render thread/INFO] (Minecraft) Preparing spawn area: 0%
[10:04:12] [Render thread/INFO] (Minecraft) Preparing spawn area: 0%
[10:04:12] [Render thread/INFO] (Minecraft) Preparing spawn area: 0%
[10:04:12] [Render thread/INFO] (Minecraft) Preparing spawn area: 0%
[10:04:12] [Render thread/INFO] (Minecraft) Preparing spawn area: 0%
[10:04:12] [Render thread/INFO] (Minecraft) Preparing spawn area: 0%
[10:04:13] [Render thread/INFO] (Minecraft) Preparing spawn area: 0%
[10:04:13] [Render thread/INFO] (Minecraft) Preparing spawn area: 11%
[10:04:14] [Render thread/INFO] (Minecraft) Preparing spawn area: 68%
[10:04:14] [Render thread/INFO] (Minecraft) Preparing spawn area: 87%
[10:04:15] [Render thread/INFO] (Minecraft) Time elapsed: 8821 ms
[10:04:15] [Server thread/INFO] (Minecraft) Changing view distance to 12, from 10
[10:04:15] [Server thread/INFO] (Minecraft) Changing simulation distance to 12, from 0
[10:04:16] [Worker-Bootstrap-9/INFO] (Minecraft) 4283 Datafixer optimizations took 37996 milliseconds
[10:04:16] [Server thread/INFO] (Minecraft) Player791[local:E:98b06a93] logged in with entity id 179 at (103.48053322834119, 66.0, -114.19724850595301)
[10:04:16] [Server thread/INFO] (Minecraft) Player791 joined the game
[10:04:17] [Render thread/INFO] (Minecraft) Loaded 38 advancements
[10:04:17] [Render thread/INFO] (patchouli) BookContentResourceListenerLoader: Files found in 73.09 μs
[10:04:17] [Render thread/INFO] (patchouli) BookContentResourceListenerLoader: Files found in 34.65 μs
[10:04:17] [Render thread/INFO] (patchouli) BookContentResourceListenerLoader: Files found in 38.44 μs
[10:04:18] [Render thread/WARN] (Minecraft) Failed to load texture: csp:textures/entity/rocket.png
java.io.FileNotFoundException: csp:textures/entity/rocket.png
	at net.minecraft.resource.ResourceFactory.method_43043(ResourceFactory.java:20) ~[minecraft-common-2c60f55561-1.19.2-net.fabricmc.yarn.1_19_2.1.19.2+build.28-v2.jar:?]
	at java.util.Optional.orElseThrow(Optional.java:403) ~[?:?]
	at net.minecraft.resource.ResourceFactory.getResourceOrThrow(ResourceFactory.java:20) ~[minecraft-common-2c60f55561-1.19.2-net.fabricmc.yarn.1_19_2.1.19.2+build.28-v2.jar:?]
	at net.minecraft.client.texture.ResourceTexture$TextureData.load(ResourceTexture.java:83) ~[minecraft-clientOnly-2c60f55561-1.19.2-net.fabricmc.yarn.1_19_2.1.19.2+build.28-v2.jar:?]
	at net.minecraft.client.texture.ResourceTexture.loadTextureData(ResourceTexture.java:58) ~[minecraft-clientOnly-2c60f55561-1.19.2-net.fabricmc.yarn.1_19_2.1.19.2+build.28-v2.jar:?]
	at net.minecraft.client.texture.ResourceTexture.load(ResourceTexture.java:29) ~[minecraft-clientOnly-2c60f55561-1.19.2-net.fabricmc.yarn.1_19_2.1.19.2+build.28-v2.jar:?]
	at net.minecraft.client.texture.TextureManager.loadTexture(TextureManager.java:96) ~[minecraft-clientOnly-2c60f55561-1.19.2-net.fabricmc.yarn.1_19_2.1.19.2+build.28-v2.jar:?]
	at net.minecraft.client.texture.TextureManager.registerTexture(TextureManager.java:68) ~[minecraft-clientOnly-2c60f55561-1.19.2-net.fabricmc.yarn.1_19_2.1.19.2+build.28-v2.jar:?]
	at net.minecraft.client.texture.TextureManager.getTexture(TextureManager.java:118) ~[minecraft-clientOnly-2c60f55561-1.19.2-net.fabricmc.yarn.1_19_2.1.19.2+build.28-v2.jar:?]
	at net.minecraft.client.render.RenderPhase$Texture.method_23563(RenderPhase.java:239) ~[minecraft-clientOnly-2c60f55561-1.19.2-net.fabricmc.yarn.1_19_2.1.19.2+build.28-v2.jar:?]
	at net.minecraft.client.render.RenderPhase.startDrawing(RenderPhase.java:36) ~[minecraft-clientOnly-2c60f55561-1.19.2-net.fabricmc.yarn.1_19_2.1.19.2+build.28-v2.jar:?]
	at com.google.common.collect.ImmutableList.forEach(ImmutableList.java:422) ~[guava-31.0.1-jre.jar:?]
	at net.minecraft.client.render.RenderLayer$MultiPhase.method_23595(RenderLayer.java:956) ~[minecraft-clientOnly-2c60f55561-1.19.2-net.fabricmc.yarn.1_19_2.1.19.2+build.28-v2.jar:?]
	at net.minecraft.client.render.RenderPhase.startDrawing(RenderPhase.java:36) [minecraft-clientOnly-2c60f55561-1.19.2-net.fabricmc.yarn.1_19_2.1.19.2+build.28-v2.jar:?]
	at net.minecraft.client.render.RenderLayer.draw(RenderLayer.java:750) [minecraft-clientOnly-2c60f55561-1.19.2-net.fabricmc.yarn.1_19_2.1.19.2+build.28-v2.jar:?]
	at net.minecraft.client.render.VertexConsumerProvider$Immediate.draw(VertexConsumerProvider.java:96) [minecraft-clientOnly-2c60f55561-1.19.2-net.fabricmc.yarn.1_19_2.1.19.2+build.28-v2.jar:?]
	at net.minecraft.client.render.VertexConsumerProvider$Immediate.drawCurrentLayer(VertexConsumerProvider.java:64) [minecraft-clientOnly-2c60f55561-1.19.2-net.fabricmc.yarn.1_19_2.1.19.2+build.28-v2.jar:?]
	at net.minecraft.client.render.WorldRenderer.render(WorldRenderer.java:1319) [minecraft-clientOnly-2c60f55561-1.19.2-net.fabricmc.yarn.1_19_2.1.19.2+build.28-v2.jar:?]
	at net.minecraft.client.render.GameRenderer.renderWorld(GameRenderer.java:1039) [minecraft-clientOnly-2c60f55561-1.19.2-net.fabricmc.yarn.1_19_2.1.19.2+build.28-v2.jar:?]
	at net.minecraft.client.render.GameRenderer.render(GameRenderer.java:816) [minecraft-clientOnly-2c60f55561-1.19.2-net.fabricmc.yarn.1_19_2.1.19.2+build.28-v2.jar:?]
	at net.minecraft.client.MinecraftClient.render(MinecraftClient.java:1177) [minecraft-clientOnly-2c60f55561-1.19.2-net.fabricmc.yarn.1_19_2.1.19.2+build.28-v2.jar:?]
	at net.minecraft.client.MinecraftClient.run(MinecraftClient.java:768) [minecraft-clientOnly-2c60f55561-1.19.2-net.fabricmc.yarn.1_19_2.1.19.2+build.28-v2.jar:?]
	at net.minecraft.client.main.Main.main(Main.java:244) [minecraft-clientOnly-2c60f55561-1.19.2-net.fabricmc.yarn.1_19_2.1.19.2+build.28-v2.jar:?]
	at net.minecraft.client.main.Main.main(Main.java:51) [minecraft-clientOnly-2c60f55561-1.19.2-net.fabricmc.yarn.1_19_2.1.19.2+build.28-v2.jar:?]
	at net.fabricmc.loader.impl.game.minecraft.MinecraftGameProvider.launch(MinecraftGameProvider.java:480) [fabric-loader-0.16.5.jar:?]
	at net.fabricmc.loader.impl.launch.knot.Knot.launch(Knot.java:74) [fabric-loader-0.16.5.jar:?]
	at net.fabricmc.loader.impl.launch.knot.KnotClient.main(KnotClient.java:23) [fabric-loader-0.16.5.jar:?]
	at net.fabricmc.devlaunchinjector.Main.main(Main.java:86) [dev-launch-injector-0.2.1+build.8.jar:?]
[10:05:37] [Render thread/INFO] (Minecraft) Loaded 40 advancements
[10:06:28] [Server thread/INFO] (Minecraft) Saving and pausing game...
[10:06:28] [Server thread/INFO] (Minecraft) Saving chunks for level 'ServerLevel[New World]'/minecraft:overworld
[10:06:28] [Server thread/INFO] (Minecraft) Saving chunks for level 'ServerLevel[New World]'/minecraft:the_nether
[10:06:28] [Server thread/INFO] (Minecraft) Saving chunks for level 'ServerLevel[New World]'/minecraft:the_end
[10:06:29] [Server thread/INFO] (Minecraft) Player791 lost connection: Disconnected
[10:06:29] [Server thread/INFO] (Minecraft) Player791 left the game
[10:06:29] [Server thread/INFO] (Minecraft) Stopping singleplayer server as player logged out
[10:06:29] [Server thread/INFO] (Minecraft) Stopping server
[10:06:29] [Server thread/INFO] (Minecraft) Saving players
[10:06:29] [Server thread/INFO] (Minecraft) Saving worlds
[10:06:30] [Server thread/INFO] (Minecraft) Saving chunks for level 'ServerLevel[New World]'/minecraft:overworld
[10:06:31] [Server thread/INFO] (Minecraft) Saving chunks for level 'ServerLevel[New World]'/minecraft:the_nether
[10:06:31] [Server thread/INFO] (Minecraft) Saving chunks for level 'ServerLevel[New World]'/minecraft:the_end
[10:06:31] [Server thread/INFO] (Minecraft) ThreadedAnvilChunkStorage (New World): All chunks are saved
[10:06:31] [Server thread/INFO] (Minecraft) ThreadedAnvilChunkStorage (DIM-1): All chunks are saved
[10:06:31] [Server thread/INFO] (Minecraft) ThreadedAnvilChunkStorage (DIM1): All chunks are saved
[10:06:31] [Server thread/INFO] (Minecraft) ThreadedAnvilChunkStorage: All dimensions are saved
[10:06:32] [Render thread/INFO] (Minecraft) Stopping!
